DELETE 0
DELETE 0
DELETE 0
DELETE 0
DELETE 0
DELETE 0
DELETE 1
DELETE 0
DELETE 0
DELETE 0
DELETE 0
DELETE 1
DELETE 0
DELETE 2
DELETE 1
DELETE 0
DELETE 0
DELETE 0
DELETE 0
DELETE 0
DELETE 0
DELETE 0
DELETE 0
DELETE 0
DELETE 0
DELETE 0
DELETE 0
DELETE 0
DELETE 0
DELETE 0
DELETE 0
DELETE 0
DELETE 0
DELETE 0
DELETE 0
DELETE 1
DELETE 0
DELETE 1
DELETE 1
DELETE 0
DELETE 0
DELETE 0
DELETE 0
DELETE 0
DELETE 0
DELETE 0
DELETE 1
DELETE 0
DELETE 1
DELETE 1
DELETE 0
DELETE 0
DELETE 1
DELETE 0
DELETE 1
DELETE 1
DELETE 1
DELETE 0
DELETE 1
DELETE 0
DELETE 0
DELETE 0
DELETE 0
DELETE 1
DELETE 0
DELETE 2
DELETE 1
DELETE 0
DELETE 1
DELETE 0
DELETE 2
DELETE 0
DELETE 0
DELETE 1
DELETE 1
DELETE 0
DELETE 1
DELETE 0
DELETE 1
DELETE 0
DELETE 0
DELETE 0
DELETE 1
DELETE 0
DELETE 0
DELETE 0
DELETE 0
DELETE 0
DELETE 0
DELETE 0
DELETE 0
DELETE 0
DELETE 0
DELETE 0
DELETE 2
DELETE 0
DELETE 0
DELETE 0
